Command: ./simv -l smc_sim.log +UVM_TESTNAME=per_test +UVM_VERBOSITY=UVM_LOW
Chronologic VCS simulator copyright 1991-2014
Contains Synopsys proprietary information.
Compiler version I-2014.03-2; Runtime version I-2014.03-2;  May 11 21:42 2020
----------------------------------------------------------------
UVM-1.1d.VCS
(C) 2007-2013 Mentor Graphics Corporation
(C) 2007-2013 Cadence Design Systems, Inc.
(C) 2006-2013 Synopsys, Inc.
(C) 2011-2013 Cypress Semiconductor Corp.
----------------------------------------------------------------

  ***********       IMPORTANT RELEASE NOTES         ************

  You are using a version of the UVM library that has been compiled
  with `UVM_NO_DEPRECATED undefined.
  See http://www.eda.org/svdb/view.php?id=3313 for more details.

  You are using a version of the UVM library that has been compiled
  with `UVM_OBJECT_MUST_HAVE_CONSTRUCTOR undefined.
  See http://www.eda.org/svdb/view.php?id=3770 for more details.

      (Specify +UVM_NO_RELNOTES to turn off this notice)

UVM_INFO @ 0: reporter [RNTST] Running test per_test...
UVM_INFO ./../test/per_test.sv(18) @ 0: uvm_test_top [REG_TEST] This is Build Phase - period test
UVM_INFO ./../uvc/smc_env.sv(16) @ 0: uvm_test_top.env [SMC_ENV] This is Build Phase - FIFO env
UVM_INFO ./../uvc/smc_agent.sv(27) @ 0: uvm_test_top.env.agt [SMC_AGENT] This is Build Phase - smc agent
UVM_INFO ./../uvc/smc_driver.sv(14) @ 0: uvm_test_top.env.agt.drv [SMC_DRIVER] This is Build Phase - smc wr driver
UVM_INFO ./../uvc/smc_monitor.sv(121) @ 0: uvm_test_top.env.agt.e_mon [EDGE_MON] This is Build Phase - smc wr monitor
UVM_INFO ./../uvc/smc_monitor.sv(14) @ 0: uvm_test_top.env.agt.r_mon [REQ_MON] This is Build Phase - requests monitor
UVM_INFO ./../uvc/smc_monitor.sv(63) @ 0: uvm_test_top.env.agt.rsp_mon [RESP_MON] This is Build Phase - smc wr monitor
UVM_INFO ./../uvc/smc_scoreboard.sv(21) @ 0: uvm_test_top.env.agt.sb1 [REG_SB] This is Build Phase - reg scoreboard
UVM_INFO ./../uvc/smc_scoreboard.sv(138) @ 0: uvm_test_top.env.agt.sb2 [PER_SB] This is Build Phase - per scoreboard
UVM_INFO ./../uvc/smc_driver.sv(19) @ 0: uvm_test_top.env.agt.drv [SMC_DRIVER] This is Connect Phase - smc wr driver
UVM_INFO ./../uvc/smc_monitor.sv(127) @ 0: uvm_test_top.env.agt.e_mon [EDGE_MON] This is Connect Phase - smc wr monitor
UVM_INFO ./../uvc/smc_monitor.sv(20) @ 0: uvm_test_top.env.agt.r_mon [REQ_MON] This is Connect Phase - requests monitor
UVM_INFO ./../uvc/smc_monitor.sv(71) @ 0: uvm_test_top.env.agt.rsp_mon [RESP_MON] This is Connect Phase - smc wr monitor
UVM_INFO ./../uvc/smc_scoreboard.sv(30) @ 0: uvm_test_top.env.agt.sb1 [REG_SB] This is Connect Phase - reg scoreboard
UVM_INFO ./../uvc/smc_scoreboard.sv(151) @ 0: uvm_test_top.env.agt.sb2 [PER_SB] This is Connect Phase - PER scoreboard
UVM_INFO ./../uvc/smc_agent.sv(36) @ 0: uvm_test_top.env.agt [SMC_AGENT] This is Connect Phase - smc agent
UVM_INFO ./../uvc/smc_env.sv(21) @ 0: uvm_test_top.env [SMC_ENV] This is build phase - FIfo env
UVM_INFO ./../test/per_test.sv(26) @ 0: uvm_test_top [REG_TEST] This is Connect Phase - period test
UVM_INFO ./../test/per_test.sv(32) @ 0: uvm_test_top [REG_TEST] This is Run Phase - Period test
UVM_INFO ./../uvc/smc_driver.sv(30) @ 10000: uvm_test_top.env.agt.drv [SMC_DRIVER] This is Run Phase - smc wr driver
UVM_INFO ./../uvc/smc_monitor.sv(137) @ 10000: uvm_test_top.env.agt.e_mon [EDGE_MON] This is Run Phase - smc wr monitor
UVM_INFO ./../uvc/smc_monitor.sv(30) @ 10000: uvm_test_top.env.agt.r_mon [REQ_MON] This is Run Phase - requests monitor
UVM_INFO ./../uvc/smc_monitor.sv(81) @ 10000: uvm_test_top.env.agt.rsp_mon [RESP_MON] This is Run Phase - smc wr monitor
UVM_INFO ./../uvc/smc_scoreboard.sv(37) @ 10000: uvm_test_top.env.agt.sb1 [REG_SB] This is Run Phase - reg scoreboard
UVM_INFO ./../uvc/smc_scoreboard.sv(161) @ 10000: uvm_test_top.env.agt.sb2 [PER_SB] This is Run Phase - PER scoreboard
UVM_INFO ./../uvc/smc_agent.sv(42) @ 10000: uvm_test_top.env.agt [SMC_AGENT] This is Run Phase - smc agent
UVM_INFO ./../uvc/smc_env.sv(28) @ 10000: uvm_test_top.env [SMC_ENV] This is Run Phase - FIFO env
UVM_INFO ./../seq/per_seq.sv(81) @ 10000: uvm_test_top.env.agt.seqr@@seq [body] Starting period sequence
UVM_INFO ./../seq/per_seq.sv(53) @ 201000: uvm_test_top.env.agt.seqr@@seq [do_init] PER=775  MC_CTL0=0080 MC_CTL1=0064
UVM_INFO ./../seq/per_seq.sv(29) @ 1641000: uvm_test_top.env.agt.seqr@@seq [body] Programming Period=7e3  Per_scale=0
UVM_INFO ./../seq/per_seq.sv(36) @ 1821000: uvm_test_top.env.agt.seqr@@seq [body] Programming addr: 00000013 
UVM_INFO ./../seq/per_seq.sv(39) @ 1881000: uvm_test_top.env.agt.seqr@@seq [body] Programming Align=1  Addr=00000022 DutyCycle=1930  Channel=          0
UVM_INFO ./../seq/per_seq.sv(36) @ 1941000: uvm_test_top.env.agt.seqr@@seq [body] Programming addr: 00000012 
UVM_INFO ./../seq/per_seq.sv(39) @ 2001000: uvm_test_top.env.agt.seqr@@seq [body] Programming Align=1  Addr=00000020 DutyCycle=1314  Channel=          1
UVM_INFO ./../seq/per_seq.sv(36) @ 2061000: uvm_test_top.env.agt.seqr@@seq [body] Programming addr: 00000011 
UVM_INFO ./../seq/per_seq.sv(39) @ 2121000: uvm_test_top.env.agt.seqr@@seq [body] Programming Align=3  Addr=00000026 DutyCycle=1899  Channel=          2
UVM_INFO ./../seq/per_seq.sv(36) @ 2181000: uvm_test_top.env.agt.seqr@@seq [body] Programming addr: 00000010 
UVM_INFO ./../seq/per_seq.sv(39) @ 2241000: uvm_test_top.env.agt.seqr@@seq [body] Programming Align=2  Addr=00000024 DutyCycle= 153  Channel=          3
UVM_INFO ./../seq/per_seq.sv(36) @ 2301000: uvm_test_top.env.agt.seqr@@seq [body] Programming addr: 00000017 
UVM_INFO ./../seq/per_seq.sv(39) @ 2361000: uvm_test_top.env.agt.seqr@@seq [body] Programming Align=0  Addr=0000002a DutyCycle= 120  Channel=          4
UVM_INFO ./../seq/per_seq.sv(36) @ 2421000: uvm_test_top.env.agt.seqr@@seq [body] Programming addr: 00000016 
UVM_INFO ./../seq/per_seq.sv(39) @ 2481000: uvm_test_top.env.agt.seqr@@seq [body] Programming Align=1  Addr=00000028 DutyCycle=1206  Channel=          5
UVM_INFO ./../seq/per_seq.sv(36) @ 2541000: uvm_test_top.env.agt.seqr@@seq [body] Programming addr: 00000015 
UVM_INFO ./../seq/per_seq.sv(39) @ 2601000: uvm_test_top.env.agt.seqr@@seq [body] Programming Align=3  Addr=0000002e DutyCycle=1725  Channel=          6
UVM_INFO ./../seq/per_seq.sv(36) @ 2661000: uvm_test_top.env.agt.seqr@@seq [body] Programming addr: 00000014 
UVM_INFO ./../seq/per_seq.sv(39) @ 2721000: uvm_test_top.env.agt.seqr@@seq [body] Programming Align=0  Addr=0000002c DutyCycle=1621  Channel=          7
UVM_INFO ./../seq/per_seq.sv(36) @ 2781000: uvm_test_top.env.agt.seqr@@seq [body] Programming addr: 0000001b 
UVM_INFO ./../seq/per_seq.sv(39) @ 2841000: uvm_test_top.env.agt.seqr@@seq [body] Programming Align=0  Addr=00000032 DutyCycle=1394  Channel=          8
UVM_INFO ./../seq/per_seq.sv(36) @ 2901000: uvm_test_top.env.agt.seqr@@seq [body] Programming addr: 0000001a 
UVM_INFO ./../seq/per_seq.sv(39) @ 2961000: uvm_test_top.env.agt.seqr@@seq [body] Programming Align=0  Addr=00000030 DutyCycle=1890  Channel=          9
UVM_INFO ./../seq/per_seq.sv(36) @ 3021000: uvm_test_top.env.agt.seqr@@seq [body] Programming addr: 00000019 
UVM_INFO ./../seq/per_seq.sv(39) @ 3081000: uvm_test_top.env.agt.seqr@@seq [body] Programming Align=2  Addr=00000036 DutyCycle=  68  Channel=         10
UVM_INFO ./../seq/per_seq.sv(36) @ 3141000: uvm_test_top.env.agt.seqr@@seq [body] Programming addr: 00000018 
UVM_INFO ./../seq/per_seq.sv(39) @ 3201000: uvm_test_top.env.agt.seqr@@seq [body] Programming Align=3  Addr=00000034 DutyCycle= 789  Channel=         11
UVM_INFO ./../seq/per_seq.sv(29) @ 2022201000: uvm_test_top.env.agt.seqr@@seq [body] Programming Period=7c7  Per_scale=0
UVM_INFO ./../seq/per_seq.sv(36) @ 2022361000: uvm_test_top.env.agt.seqr@@seq [body] Programming addr: 00000013 
UVM_INFO ./../seq/per_seq.sv(39) @ 2022421000: uvm_test_top.env.agt.seqr@@seq [body] Programming Align=2  Addr=00000022 DutyCycle= 113  Channel=          0
UVM_INFO ./../seq/per_seq.sv(36) @ 2022481000: uvm_test_top.env.agt.seqr@@seq [body] Programming addr: 00000012 
UVM_INFO ./../seq/per_seq.sv(39) @ 2022541000: uvm_test_top.env.agt.seqr@@seq [body] Programming Align=2  Addr=00000020 DutyCycle= 794  Channel=          1
UVM_INFO ./../seq/per_seq.sv(36) @ 2022601000: uvm_test_top.env.agt.seqr@@seq [body] Programming addr: 00000011 
UVM_INFO ./../seq/per_seq.sv(39) @ 2022661000: uvm_test_top.env.agt.seqr@@seq [body] Programming Align=3  Addr=00000026 DutyCycle= 997  Channel=          2
UVM_INFO ./../seq/per_seq.sv(36) @ 2022721000: uvm_test_top.env.agt.seqr@@seq [body] Programming addr: 00000010 
UVM_INFO ./../seq/per_seq.sv(39) @ 2022781000: uvm_test_top.env.agt.seqr@@seq [body] Programming Align=3  Addr=00000024 DutyCycle=1480  Channel=          3
UVM_INFO ./../seq/per_seq.sv(36) @ 2022841000: uvm_test_top.env.agt.seqr@@seq [body] Programming addr: 00000017 
UVM_INFO ./../seq/per_seq.sv(39) @ 2022901000: uvm_test_top.env.agt.seqr@@seq [body] Programming Align=0  Addr=0000002a DutyCycle=1404  Channel=          4
UVM_INFO ./../seq/per_seq.sv(36) @ 2022961000: uvm_test_top.env.agt.seqr@@seq [body] Programming addr: 00000016 
UVM_INFO ./../seq/per_seq.sv(39) @ 2023021000: uvm_test_top.env.agt.seqr@@seq [body] Programming Align=3  Addr=00000028 DutyCycle=1824  Channel=          5
UVM_INFO ./../seq/per_seq.sv(36) @ 2023081000: uvm_test_top.env.agt.seqr@@seq [body] Programming addr: 00000015 
UVM_INFO ./../seq/per_seq.sv(39) @ 2023141000: uvm_test_top.env.agt.seqr@@seq [body] Programming Align=1  Addr=0000002e DutyCycle= 401  Channel=          6
UVM_INFO ./../seq/per_seq.sv(36) @ 2023201000: uvm_test_top.env.agt.seqr@@seq [body] Programming addr: 00000014 
UVM_INFO ./../seq/per_seq.sv(39) @ 2023261000: uvm_test_top.env.agt.seqr@@seq [body] Programming Align=2  Addr=0000002c DutyCycle=1936  Channel=          7
UVM_INFO ./../seq/per_seq.sv(36) @ 2023321000: uvm_test_top.env.agt.seqr@@seq [body] Programming addr: 0000001b 
UVM_INFO ./../seq/per_seq.sv(39) @ 2023381000: uvm_test_top.env.agt.seqr@@seq [body] Programming Align=2  Addr=00000032 DutyCycle= 218  Channel=          8
UVM_INFO ./../seq/per_seq.sv(36) @ 2023441000: uvm_test_top.env.agt.seqr@@seq [body] Programming addr: 0000001a 
UVM_INFO ./../seq/per_seq.sv(39) @ 2023501000: uvm_test_top.env.agt.seqr@@seq [body] Programming Align=2  Addr=00000030 DutyCycle= 600  Channel=          9
UVM_INFO ./../seq/per_seq.sv(36) @ 2023561000: uvm_test_top.env.agt.seqr@@seq [body] Programming addr: 00000019 
UVM_INFO ./../seq/per_seq.sv(39) @ 2023621000: uvm_test_top.env.agt.seqr@@seq [body] Programming Align=2  Addr=00000036 DutyCycle= 525  Channel=         10
UVM_INFO ./../seq/per_seq.sv(36) @ 2023681000: uvm_test_top.env.agt.seqr@@seq [body] Programming addr: 00000018 
UVM_INFO ./../seq/per_seq.sv(39) @ 2023741000: uvm_test_top.env.agt.seqr@@seq [body] Programming Align=1  Addr=00000034 DutyCycle=1019  Channel=         11
UVM_INFO ./../seq/per_seq.sv(29) @ 4014741000: uvm_test_top.env.agt.seqr@@seq [body] Programming Period=7b4  Per_scale=3
UVM_INFO ./../seq/per_seq.sv(36) @ 4014901000: uvm_test_top.env.agt.seqr@@seq [body] Programming addr: 00000013 
UVM_INFO ./../seq/per_seq.sv(39) @ 4014961000: uvm_test_top.env.agt.seqr@@seq [body] Programming Align=2  Addr=00000022 DutyCycle=  30  Channel=          0
UVM_INFO ./../seq/per_seq.sv(36) @ 4015021000: uvm_test_top.env.agt.seqr@@seq [body] Programming addr: 00000012 
UVM_INFO ./../seq/per_seq.sv(39) @ 4015081000: uvm_test_top.env.agt.seqr@@seq [body] Programming Align=1  Addr=00000020 DutyCycle=1140  Channel=          1
UVM_INFO ./../seq/per_seq.sv(36) @ 4015141000: uvm_test_top.env.agt.seqr@@seq [body] Programming addr: 00000011 
UVM_INFO ./../seq/per_seq.sv(39) @ 4015201000: uvm_test_top.env.agt.seqr@@seq [body] Programming Align=3  Addr=00000026 DutyCycle=1642  Channel=          2
UVM_INFO ./../seq/per_seq.sv(36) @ 4015261000: uvm_test_top.env.agt.seqr@@seq [body] Programming addr: 00000010 
UVM_INFO ./../seq/per_seq.sv(39) @ 4015321000: uvm_test_top.env.agt.seqr@@seq [body] Programming Align=1  Addr=00000024 DutyCycle=1869  Channel=          3
UVM_INFO ./../seq/per_seq.sv(36) @ 4015381000: uvm_test_top.env.agt.seqr@@seq [body] Programming addr: 00000017 
UVM_INFO ./../seq/per_seq.sv(39) @ 4015441000: uvm_test_top.env.agt.seqr@@seq [body] Programming Align=2  Addr=0000002a DutyCycle=1026  Channel=          4
UVM_INFO ./../seq/per_seq.sv(36) @ 4015501000: uvm_test_top.env.agt.seqr@@seq [body] Programming addr: 00000016 
UVM_INFO ./../seq/per_seq.sv(39) @ 4015561000: uvm_test_top.env.agt.seqr@@seq [body] Programming Align=0  Addr=00000028 DutyCycle= 353  Channel=          5
UVM_INFO ./../seq/per_seq.sv(36) @ 4015621000: uvm_test_top.env.agt.seqr@@seq [body] Programming addr: 00000015 
UVM_INFO ./../seq/per_seq.sv(39) @ 4015681000: uvm_test_top.env.agt.seqr@@seq [body] Programming Align=3  Addr=0000002e DutyCycle=  97  Channel=          6
UVM_INFO ./../seq/per_seq.sv(36) @ 4015741000: uvm_test_top.env.agt.seqr@@seq [body] Programming addr: 00000014 
UVM_INFO ./../seq/per_seq.sv(39) @ 4015801000: uvm_test_top.env.agt.seqr@@seq [body] Programming Align=2  Addr=0000002c DutyCycle=1072  Channel=          7
UVM_INFO ./../seq/per_seq.sv(36) @ 4015861000: uvm_test_top.env.agt.seqr@@seq [body] Programming addr: 0000001b 
UVM_INFO ./../seq/per_seq.sv(39) @ 4015921000: uvm_test_top.env.agt.seqr@@seq [body] Programming Align=3  Addr=00000032 DutyCycle= 640  Channel=          8
UVM_INFO ./../seq/per_seq.sv(36) @ 4015981000: uvm_test_top.env.agt.seqr@@seq [body] Programming addr: 0000001a 
UVM_INFO ./../seq/per_seq.sv(39) @ 4016041000: uvm_test_top.env.agt.seqr@@seq [body] Programming Align=2  Addr=00000030 DutyCycle=1151  Channel=          9
UVM_INFO ./../seq/per_seq.sv(36) @ 4016101000: uvm_test_top.env.agt.seqr@@seq [body] Programming addr: 00000019 
UVM_INFO ./../seq/per_seq.sv(39) @ 4016161000: uvm_test_top.env.agt.seqr@@seq [body] Programming Align=3  Addr=00000036 DutyCycle=   2  Channel=         10
UVM_INFO ./../seq/per_seq.sv(36) @ 4016221000: uvm_test_top.env.agt.seqr@@seq [body] Programming addr: 00000018 
UVM_INFO ./../seq/per_seq.sv(39) @ 4016281000: uvm_test_top.env.agt.seqr@@seq [body] Programming Align=3  Addr=00000034 DutyCycle=1366  Channel=         11
UVM_INFO ./../seq/per_seq.sv(29) @ 5988281000: uvm_test_top.env.agt.seqr@@seq [body] Programming Period=432  Per_scale=0
UVM_INFO ./../seq/per_seq.sv(36) @ 5988441000: uvm_test_top.env.agt.seqr@@seq [body] Programming addr: 00000013 
UVM_INFO ./../seq/per_seq.sv(39) @ 5988501000: uvm_test_top.env.agt.seqr@@seq [body] Programming Align=2  Addr=00000022 DutyCycle=  43  Channel=          0
UVM_INFO ./../seq/per_seq.sv(36) @ 5988561000: uvm_test_top.env.agt.seqr@@seq [body] Programming addr: 00000012 
UVM_INFO ./../seq/per_seq.sv(39) @ 5988621000: uvm_test_top.env.agt.seqr@@seq [body] Programming Align=0  Addr=00000020 DutyCycle= 545  Channel=          1
UVM_INFO ./../seq/per_seq.sv(36) @ 5988681000: uvm_test_top.env.agt.seqr@@seq [body] Programming addr: 00000011 
UVM_INFO ./../seq/per_seq.sv(39) @ 5988741000: uvm_test_top.env.agt.seqr@@seq [body] Programming Align=1  Addr=00000026 DutyCycle= 907  Channel=          2
UVM_INFO ./../seq/per_seq.sv(36) @ 5988801000: uvm_test_top.env.agt.seqr@@seq [body] Programming addr: 00000010 
UVM_INFO ./../seq/per_seq.sv(39) @ 5988861000: uvm_test_top.env.agt.seqr@@seq [body] Programming Align=2  Addr=00000024 DutyCycle= 408  Channel=          3
UVM_INFO ./../seq/per_seq.sv(36) @ 5988921000: uvm_test_top.env.agt.seqr@@seq [body] Programming addr: 00000017 
UVM_INFO ./../seq/per_seq.sv(39) @ 5988981000: uvm_test_top.env.agt.seqr@@seq [body] Programming Align=0  Addr=0000002a DutyCycle= 287  Channel=          4
UVM_INFO ./../seq/per_seq.sv(36) @ 5989041000: uvm_test_top.env.agt.seqr@@seq [body] Programming addr: 00000016 
UVM_INFO ./../seq/per_seq.sv(39) @ 5989101000: uvm_test_top.env.agt.seqr@@seq [body] Programming Align=2  Addr=00000028 DutyCycle= 749  Channel=          5
UVM_INFO ./../seq/per_seq.sv(36) @ 5989161000: uvm_test_top.env.agt.seqr@@seq [body] Programming addr: 00000015 
UVM_INFO ./../seq/per_seq.sv(39) @ 5989221000: uvm_test_top.env.agt.seqr@@seq [body] Programming Align=3  Addr=0000002e DutyCycle= 320  Channel=          6
UVM_INFO ./../seq/per_seq.sv(36) @ 5989281000: uvm_test_top.env.agt.seqr@@seq [body] Programming addr: 00000014 
UVM_INFO ./../seq/per_seq.sv(39) @ 5989341000: uvm_test_top.env.agt.seqr@@seq [body] Programming Align=1  Addr=0000002c DutyCycle= 551  Channel=          7
UVM_INFO ./../seq/per_seq.sv(36) @ 5989401000: uvm_test_top.env.agt.seqr@@seq [body] Programming addr: 0000001b 
UVM_INFO ./../seq/per_seq.sv(39) @ 5989461000: uvm_test_top.env.agt.seqr@@seq [body] Programming Align=3  Addr=00000032 DutyCycle=   5  Channel=          8
UVM_INFO ./../seq/per_seq.sv(36) @ 5989521000: uvm_test_top.env.agt.seqr@@seq [body] Programming addr: 0000001a 
UVM_INFO ./../seq/per_seq.sv(39) @ 5989581000: uvm_test_top.env.agt.seqr@@seq [body] Programming Align=0  Addr=00000030 DutyCycle= 283  Channel=          9
UVM_INFO ./../seq/per_seq.sv(36) @ 5989641000: uvm_test_top.env.agt.seqr@@seq [body] Programming addr: 00000019 
UVM_INFO ./../seq/per_seq.sv(39) @ 5989701000: uvm_test_top.env.agt.seqr@@seq [body] Programming Align=0  Addr=00000036 DutyCycle= 594  Channel=         10
UVM_INFO ./../seq/per_seq.sv(36) @ 5989761000: uvm_test_top.env.agt.seqr@@seq [body] Programming addr: 00000018 
UVM_INFO ./../seq/per_seq.sv(39) @ 5989821000: uvm_test_top.env.agt.seqr@@seq [body] Programming Align=0  Addr=00000034 DutyCycle=  72  Channel=         11
UVM_INFO ./../seq/per_seq.sv(29) @ 7063821000: uvm_test_top.env.agt.seqr@@seq [body] Programming Period=77b  Per_scale=0
UVM_INFO ./../seq/per_seq.sv(36) @ 7063981000: uvm_test_top.env.agt.seqr@@seq [body] Programming addr: 00000013 
UVM_INFO ./../seq/per_seq.sv(39) @ 7064041000: uvm_test_top.env.agt.seqr@@seq [body] Programming Align=0  Addr=00000022 DutyCycle=1726  Channel=          0
UVM_INFO ./../seq/per_seq.sv(36) @ 7064101000: uvm_test_top.env.agt.seqr@@seq [body] Programming addr: 00000012 
UVM_INFO ./../seq/per_seq.sv(39) @ 7064161000: uvm_test_top.env.agt.seqr@@seq [body] Programming Align=2  Addr=00000020 DutyCycle=1002  Channel=          1
UVM_INFO ./../seq/per_seq.sv(36) @ 7064221000: uvm_test_top.env.agt.seqr@@seq [body] Programming addr: 00000011 
UVM_INFO ./../seq/per_seq.sv(39) @ 7064281000: uvm_test_top.env.agt.seqr@@seq [body] Programming Align=3  Addr=00000026 DutyCycle= 154  Channel=          2
UVM_INFO ./../seq/per_seq.sv(36) @ 7064341000: uvm_test_top.env.agt.seqr@@seq [body] Programming addr: 00000010 
UVM_INFO ./../seq/per_seq.sv(39) @ 7064401000: uvm_test_top.env.agt.seqr@@seq [body] Programming Align=0  Addr=00000024 DutyCycle= 914  Channel=          3
UVM_INFO ./../seq/per_seq.sv(36) @ 7064461000: uvm_test_top.env.agt.seqr@@seq [body] Programming addr: 00000017 
UVM_INFO ./../seq/per_seq.sv(39) @ 7064521000: uvm_test_top.env.agt.seqr@@seq [body] Programming Align=1  Addr=0000002a DutyCycle= 430  Channel=          4
UVM_INFO ./../seq/per_seq.sv(36) @ 7064581000: uvm_test_top.env.agt.seqr@@seq [body] Programming addr: 00000016 
UVM_INFO ./../seq/per_seq.sv(39) @ 7064641000: uvm_test_top.env.agt.seqr@@seq [body] Programming Align=3  Addr=00000028 DutyCycle= 630  Channel=          5
UVM_INFO ./../seq/per_seq.sv(36) @ 7064701000: uvm_test_top.env.agt.seqr@@seq [body] Programming addr: 00000015 
UVM_INFO ./../seq/per_seq.sv(39) @ 7064761000: uvm_test_top.env.agt.seqr@@seq [body] Programming Align=1  Addr=0000002e DutyCycle=1650  Channel=          6
UVM_INFO ./../seq/per_seq.sv(36) @ 7064821000: uvm_test_top.env.agt.seqr@@seq [body] Programming addr: 00000014 
UVM_INFO ./../seq/per_seq.sv(39) @ 7064881000: uvm_test_top.env.agt.seqr@@seq [body] Programming Align=2  Addr=0000002c DutyCycle= 161  Channel=          7
UVM_INFO ./../seq/per_seq.sv(36) @ 7064941000: uvm_test_top.env.agt.seqr@@seq [body] Programming addr: 0000001b 
UVM_INFO ./../seq/per_seq.sv(39) @ 7065001000: uvm_test_top.env.agt.seqr@@seq [body] Programming Align=2  Addr=00000032 DutyCycle= 259  Channel=          8
UVM_INFO ./../seq/per_seq.sv(36) @ 7065061000: uvm_test_top.env.agt.seqr@@seq [body] Programming addr: 0000001a 
UVM_INFO ./../seq/per_seq.sv(39) @ 7065121000: uvm_test_top.env.agt.seqr@@seq [body] Programming Align=3  Addr=00000030 DutyCycle=1818  Channel=          9
UVM_INFO ./../seq/per_seq.sv(36) @ 7065181000: uvm_test_top.env.agt.seqr@@seq [body] Programming addr: 00000019 
UVM_INFO ./../seq/per_seq.sv(39) @ 7065241000: uvm_test_top.env.agt.seqr@@seq [body] Programming Align=3  Addr=00000036 DutyCycle= 814  Channel=         10
UVM_INFO ./../seq/per_seq.sv(36) @ 7065301000: uvm_test_top.env.agt.seqr@@seq [body] Programming addr: 00000018 
UVM_INFO ./../seq/per_seq.sv(39) @ 7065361000: uvm_test_top.env.agt.seqr@@seq [body] Programming Align=0  Addr=00000034 DutyCycle= 231  Channel=         11
UVM_INFO ./../seq/per_seq.sv(29) @ 8980361000: uvm_test_top.env.agt.seqr@@seq [body] Programming Period=380  Per_scale=3
UVM_INFO ./../seq/per_seq.sv(36) @ 8980521000: uvm_test_top.env.agt.seqr@@seq [body] Programming addr: 00000013 
UVM_INFO ./../seq/per_seq.sv(39) @ 8980581000: uvm_test_top.env.agt.seqr@@seq [body] Programming Align=3  Addr=00000022 DutyCycle= 612  Channel=          0
UVM_INFO ./../seq/per_seq.sv(36) @ 8980641000: uvm_test_top.env.agt.seqr@@seq [body] Programming addr: 00000012 
UVM_INFO ./../seq/per_seq.sv(39) @ 8980701000: uvm_test_top.env.agt.seqr@@seq [body] Programming Align=0  Addr=00000020 DutyCycle= 179  Channel=          1
UVM_INFO ./../seq/per_seq.sv(36) @ 8980761000: uvm_test_top.env.agt.seqr@@seq [body] Programming addr: 00000011 
UVM_INFO ./../seq/per_seq.sv(39) @ 8980821000: uvm_test_top.env.agt.seqr@@seq [body] Programming Align=0  Addr=00000026 DutyCycle= 520  Channel=          2
UVM_INFO ./../seq/per_seq.sv(36) @ 8980881000: uvm_test_top.env.agt.seqr@@seq [body] Programming addr: 00000010 
UVM_INFO ./../seq/per_seq.sv(39) @ 8980941000: uvm_test_top.env.agt.seqr@@seq [body] Programming Align=0  Addr=00000024 DutyCycle= 143  Channel=          3
UVM_INFO ./../seq/per_seq.sv(36) @ 8981001000: uvm_test_top.env.agt.seqr@@seq [body] Programming addr: 00000017 
UVM_INFO ./../seq/per_seq.sv(39) @ 8981061000: uvm_test_top.env.agt.seqr@@seq [body] Programming Align=0  Addr=0000002a DutyCycle= 843  Channel=          4
UVM_INFO ./../seq/per_seq.sv(36) @ 8981121000: uvm_test_top.env.agt.seqr@@seq [body] Programming addr: 00000016 
UVM_INFO ./../seq/per_seq.sv(39) @ 8981181000: uvm_test_top.env.agt.seqr@@seq [body] Programming Align=2  Addr=00000028 DutyCycle=   3  Channel=          5
UVM_INFO ./../seq/per_seq.sv(36) @ 8981241000: uvm_test_top.env.agt.seqr@@seq [body] Programming addr: 00000015 
UVM_INFO ./../seq/per_seq.sv(39) @ 8981301000: uvm_test_top.env.agt.seqr@@seq [body] Programming Align=2  Addr=0000002e DutyCycle= 567  Channel=          6
UVM_INFO ./../seq/per_seq.sv(36) @ 8981361000: uvm_test_top.env.agt.seqr@@seq [body] Programming addr: 00000014 
UVM_INFO ./../seq/per_seq.sv(39) @ 8981421000: uvm_test_top.env.agt.seqr@@seq [body] Programming Align=1  Addr=0000002c DutyCycle= 289  Channel=          7
UVM_INFO ./../seq/per_seq.sv(36) @ 8981481000: uvm_test_top.env.agt.seqr@@seq [body] Programming addr: 0000001b 
UVM_INFO ./../seq/per_seq.sv(39) @ 8981541000: uvm_test_top.env.agt.seqr@@seq [body] Programming Align=0  Addr=00000032 DutyCycle= 708  Channel=          8
UVM_INFO ./../seq/per_seq.sv(36) @ 8981601000: uvm_test_top.env.agt.seqr@@seq [body] Programming addr: 0000001a 
UVM_INFO ./../seq/per_seq.sv(39) @ 8981661000: uvm_test_top.env.agt.seqr@@seq [body] Programming Align=0  Addr=00000030 DutyCycle=  98  Channel=          9
UVM_INFO ./../seq/per_seq.sv(36) @ 8981721000: uvm_test_top.env.agt.seqr@@seq [body] Programming addr: 00000019 
UVM_INFO ./../seq/per_seq.sv(39) @ 8981781000: uvm_test_top.env.agt.seqr@@seq [body] Programming Align=0  Addr=00000036 DutyCycle= 747  Channel=         10
UVM_INFO ./../seq/per_seq.sv(36) @ 8981841000: uvm_test_top.env.agt.seqr@@seq [body] Programming addr: 00000018 
UVM_INFO ./../seq/per_seq.sv(39) @ 8981901000: uvm_test_top.env.agt.seqr@@seq [body] Programming Align=1  Addr=00000034 DutyCycle= 682  Channel=         11
UVM_INFO ./../seq/per_seq.sv(29) @ 9877901000: uvm_test_top.env.agt.seqr@@seq [body] Programming Period=7cf  Per_scale=1
UVM_INFO ./../seq/per_seq.sv(36) @ 9878061000: uvm_test_top.env.agt.seqr@@seq [body] Programming addr: 00000013 
UVM_INFO ./../seq/per_seq.sv(39) @ 9878121000: uvm_test_top.env.agt.seqr@@seq [body] Programming Align=0  Addr=00000022 DutyCycle=1069  Channel=          0
UVM_INFO ./../seq/per_seq.sv(36) @ 9878181000: uvm_test_top.env.agt.seqr@@seq [body] Programming addr: 00000012 
UVM_INFO ./../seq/per_seq.sv(39) @ 9878241000: uvm_test_top.env.agt.seqr@@seq [body] Programming Align=0  Addr=00000020 DutyCycle= 110  Channel=          1
UVM_INFO ./../seq/per_seq.sv(36) @ 9878301000: uvm_test_top.env.agt.seqr@@seq [body] Programming addr: 00000011 
UVM_INFO ./../seq/per_seq.sv(39) @ 9878361000: uvm_test_top.env.agt.seqr@@seq [body] Programming Align=0  Addr=00000026 DutyCycle= 629  Channel=          2
UVM_INFO ./../seq/per_seq.sv(36) @ 9878421000: uvm_test_top.env.agt.seqr@@seq [body] Programming addr: 00000010 
UVM_INFO ./../seq/per_seq.sv(39) @ 9878481000: uvm_test_top.env.agt.seqr@@seq [body] Programming Align=3  Addr=00000024 DutyCycle=1465  Channel=          3
UVM_INFO ./../seq/per_seq.sv(36) @ 9878541000: uvm_test_top.env.agt.seqr@@seq [body] Programming addr: 00000017 
UVM_INFO ./../seq/per_seq.sv(39) @ 9878601000: uvm_test_top.env.agt.seqr@@seq [body] Programming Align=2  Addr=0000002a DutyCycle=1933  Channel=          4
UVM_INFO ./../seq/per_seq.sv(36) @ 9878661000: uvm_test_top.env.agt.seqr@@seq [body] Programming addr: 00000016 
UVM_INFO ./../seq/per_seq.sv(39) @ 9878721000: uvm_test_top.env.agt.seqr@@seq [body] Programming Align=3  Addr=00000028 DutyCycle=1100  Channel=          5
UVM_INFO ./../seq/per_seq.sv(36) @ 9878781000: uvm_test_top.env.agt.seqr@@seq [body] Programming addr: 00000015 
UVM_INFO ./../seq/per_seq.sv(39) @ 9878841000: uvm_test_top.env.agt.seqr@@seq [body] Programming Align=0  Addr=0000002e DutyCycle= 995  Channel=          6
UVM_INFO ./../seq/per_seq.sv(36) @ 9878901000: uvm_test_top.env.agt.seqr@@seq [body] Programming addr: 00000014 
UVM_INFO ./../seq/per_seq.sv(39) @ 9878961000: uvm_test_top.env.agt.seqr@@seq [body] Programming Align=2  Addr=0000002c DutyCycle=1811  Channel=          7
UVM_INFO ./../seq/per_seq.sv(36) @ 9879021000: uvm_test_top.env.agt.seqr@@seq [body] Programming addr: 0000001b 
UVM_INFO ./../seq/per_seq.sv(39) @ 9879081000: uvm_test_top.env.agt.seqr@@seq [body] Programming Align=0  Addr=00000032 DutyCycle=1951  Channel=          8
UVM_INFO ./../seq/per_seq.sv(36) @ 9879141000: uvm_test_top.env.agt.seqr@@seq [body] Programming addr: 0000001a 
UVM_INFO ./../seq/per_seq.sv(39) @ 9879201000: uvm_test_top.env.agt.seqr@@seq [body] Programming Align=2  Addr=00000030 DutyCycle= 254  Channel=          9
UVM_INFO ./../seq/per_seq.sv(36) @ 9879261000: uvm_test_top.env.agt.seqr@@seq [body] Programming addr: 00000019 
UVM_INFO ./../seq/per_seq.sv(39) @ 9879321000: uvm_test_top.env.agt.seqr@@seq [body] Programming Align=2  Addr=00000036 DutyCycle=1412  Channel=         10
UVM_INFO ./../seq/per_seq.sv(36) @ 9879381000: uvm_test_top.env.agt.seqr@@seq [body] Programming addr: 00000018 
UVM_INFO ./../seq/per_seq.sv(39) @ 9879441000: uvm_test_top.env.agt.seqr@@seq [body] Programming Align=0  Addr=00000034 DutyCycle=1426  Channel=         11
UVM_INFO ./../seq/per_seq.sv(29) @ 11878441000: uvm_test_top.env.agt.seqr@@seq [body] Programming Period=7fc  Per_scale=1
UVM_INFO ./../seq/per_seq.sv(36) @ 11878601000: uvm_test_top.env.agt.seqr@@seq [body] Programming addr: 00000013 
UVM_INFO ./../seq/per_seq.sv(39) @ 11878661000: uvm_test_top.env.agt.seqr@@seq [body] Programming Align=1  Addr=00000022 DutyCycle=1480  Channel=          0
UVM_INFO ./../seq/per_seq.sv(36) @ 11878721000: uvm_test_top.env.agt.seqr@@seq [body] Programming addr: 00000012 
UVM_INFO ./../seq/per_seq.sv(39) @ 11878781000: uvm_test_top.env.agt.seqr@@seq [body] Programming Align=0  Addr=00000020 DutyCycle=1375  Channel=          1
UVM_INFO ./../seq/per_seq.sv(36) @ 11878841000: uvm_test_top.env.agt.seqr@@seq [body] Programming addr: 00000011 
UVM_INFO ./../seq/per_seq.sv(39) @ 11878901000: uvm_test_top.env.agt.seqr@@seq [body] Programming Align=1  Addr=00000026 DutyCycle=1278  Channel=          2
UVM_INFO ./../seq/per_seq.sv(36) @ 11878961000: uvm_test_top.env.agt.seqr@@seq [body] Programming addr: 00000010 
UVM_INFO ./../seq/per_seq.sv(39) @ 11879021000: uvm_test_top.env.agt.seqr@@seq [body] Programming Align=1  Addr=00000024 DutyCycle=2030  Channel=          3
UVM_INFO ./../seq/per_seq.sv(36) @ 11879081000: uvm_test_top.env.agt.seqr@@seq [body] Programming addr: 00000017 
UVM_INFO ./../seq/per_seq.sv(39) @ 11879141000: uvm_test_top.env.agt.seqr@@seq [body] Programming Align=1  Addr=0000002a DutyCycle=1225  Channel=          4
UVM_INFO ./../seq/per_seq.sv(36) @ 11879201000: uvm_test_top.env.agt.seqr@@seq [body] Programming addr: 00000016 
UVM_INFO ./../seq/per_seq.sv(39) @ 11879261000: uvm_test_top.env.agt.seqr@@seq [body] Programming Align=0  Addr=00000028 DutyCycle= 205  Channel=          5
UVM_INFO ./../seq/per_seq.sv(36) @ 11879321000: uvm_test_top.env.agt.seqr@@seq [body] Programming addr: 00000015 
UVM_INFO ./../seq/per_seq.sv(39) @ 11879381000: uvm_test_top.env.agt.seqr@@seq [body] Programming Align=0  Addr=0000002e DutyCycle= 648  Channel=          6
UVM_INFO ./../seq/per_seq.sv(36) @ 11879441000: uvm_test_top.env.agt.seqr@@seq [body] Programming addr: 00000014 
UVM_INFO ./../seq/per_seq.sv(39) @ 11879501000: uvm_test_top.env.agt.seqr@@seq [body] Programming Align=1  Addr=0000002c DutyCycle= 995  Channel=          7
UVM_INFO ./../seq/per_seq.sv(36) @ 11879561000: uvm_test_top.env.agt.seqr@@seq [body] Programming addr: 0000001b 
UVM_INFO ./../seq/per_seq.sv(39) @ 11879621000: uvm_test_top.env.agt.seqr@@seq [body] Programming Align=0  Addr=00000032 DutyCycle= 672  Channel=          8
UVM_INFO ./../seq/per_seq.sv(36) @ 11879681000: uvm_test_top.env.agt.seqr@@seq [body] Programming addr: 0000001a 
UVM_INFO ./../seq/per_seq.sv(39) @ 11879741000: uvm_test_top.env.agt.seqr@@seq [body] Programming Align=1  Addr=00000030 DutyCycle=1508  Channel=          9
UVM_INFO ./../seq/per_seq.sv(36) @ 11879801000: uvm_test_top.env.agt.seqr@@seq [body] Programming addr: 00000019 
UVM_INFO ./../seq/per_seq.sv(39) @ 11879861000: uvm_test_top.env.agt.seqr@@seq [body] Programming Align=1  Addr=00000036 DutyCycle=1014  Channel=         10
UVM_INFO ./../seq/per_seq.sv(36) @ 11879921000: uvm_test_top.env.agt.seqr@@seq [body] Programming addr: 00000018 
UVM_INFO ./../seq/per_seq.sv(39) @ 11879981000: uvm_test_top.env.agt.seqr@@seq [body] Programming Align=0  Addr=00000034 DutyCycle= 485  Channel=         11
UVM_INFO ./../seq/per_seq.sv(29) @ 13923981000: uvm_test_top.env.agt.seqr@@seq [body] Programming Period=76f  Per_scale=1
UVM_INFO ./../seq/per_seq.sv(36) @ 13924141000: uvm_test_top.env.agt.seqr@@seq [body] Programming addr: 00000013 
UVM_INFO ./../seq/per_seq.sv(39) @ 13924201000: uvm_test_top.env.agt.seqr@@seq [body] Programming Align=0  Addr=00000022 DutyCycle= 389  Channel=          0
UVM_INFO ./../seq/per_seq.sv(36) @ 13924261000: uvm_test_top.env.agt.seqr@@seq [body] Programming addr: 00000012 
UVM_INFO ./../seq/per_seq.sv(39) @ 13924321000: uvm_test_top.env.agt.seqr@@seq [body] Programming Align=3  Addr=00000020 DutyCycle=1578  Channel=          1
UVM_INFO ./../seq/per_seq.sv(36) @ 13924381000: uvm_test_top.env.agt.seqr@@seq [body] Programming addr: 00000011 
UVM_INFO ./../seq/per_seq.sv(39) @ 13924441000: uvm_test_top.env.agt.seqr@@seq [body] Programming Align=3  Addr=00000026 DutyCycle=1381  Channel=          2
UVM_INFO ./../seq/per_seq.sv(36) @ 13924501000: uvm_test_top.env.agt.seqr@@seq [body] Programming addr: 00000010 
UVM_INFO ./../seq/per_seq.sv(39) @ 13924561000: uvm_test_top.env.agt.seqr@@seq [body] Programming Align=0  Addr=00000024 DutyCycle= 981  Channel=          3
UVM_INFO ./../seq/per_seq.sv(36) @ 13924621000: uvm_test_top.env.agt.seqr@@seq [body] Programming addr: 00000017 
UVM_INFO ./../seq/per_seq.sv(39) @ 13924681000: uvm_test_top.env.agt.seqr@@seq [body] Programming Align=2  Addr=0000002a DutyCycle= 628  Channel=          4
UVM_INFO ./../seq/per_seq.sv(36) @ 13924741000: uvm_test_top.env.agt.seqr@@seq [body] Programming addr: 00000016 
UVM_INFO ./../seq/per_seq.sv(39) @ 13924801000: uvm_test_top.env.agt.seqr@@seq [body] Programming Align=1  Addr=00000028 DutyCycle=1804  Channel=          5
UVM_INFO ./../seq/per_seq.sv(36) @ 13924861000: uvm_test_top.env.agt.seqr@@seq [body] Programming addr: 00000015 
UVM_INFO ./../seq/per_seq.sv(39) @ 13924921000: uvm_test_top.env.agt.seqr@@seq [body] Programming Align=1  Addr=0000002e DutyCycle= 740  Channel=          6
UVM_INFO ./../seq/per_seq.sv(36) @ 13924981000: uvm_test_top.env.agt.seqr@@seq [body] Programming addr: 00000014 
UVM_INFO ./../seq/per_seq.sv(39) @ 13925041000: uvm_test_top.env.agt.seqr@@seq [body] Programming Align=1  Addr=0000002c DutyCycle= 286  Channel=          7
UVM_INFO ./../seq/per_seq.sv(36) @ 13925101000: uvm_test_top.env.agt.seqr@@seq [body] Programming addr: 0000001b 
UVM_INFO ./../seq/per_seq.sv(39) @ 13925161000: uvm_test_top.env.agt.seqr@@seq [body] Programming Align=2  Addr=00000032 DutyCycle=1587  Channel=          8
UVM_INFO ./../seq/per_seq.sv(36) @ 13925221000: uvm_test_top.env.agt.seqr@@seq [body] Programming addr: 0000001a 
UVM_INFO ./../seq/per_seq.sv(39) @ 13925281000: uvm_test_top.env.agt.seqr@@seq [body] Programming Align=3  Addr=00000030 DutyCycle=1389  Channel=          9
UVM_INFO ./../seq/per_seq.sv(36) @ 13925341000: uvm_test_top.env.agt.seqr@@seq [body] Programming addr: 00000019 
UVM_INFO ./../seq/per_seq.sv(39) @ 13925401000: uvm_test_top.env.agt.seqr@@seq [body] Programming Align=1  Addr=00000036 DutyCycle= 428  Channel=         10
UVM_INFO ./../seq/per_seq.sv(36) @ 13925461000: uvm_test_top.env.agt.seqr@@seq [body] Programming addr: 00000018 
UVM_INFO ./../seq/per_seq.sv(39) @ 13925521000: uvm_test_top.env.agt.seqr@@seq [body] Programming Align=1  Addr=00000034 DutyCycle= 100  Channel=         11
UVM_INFO ./../seq/per_seq.sv(29) @ 15828521000: uvm_test_top.env.agt.seqr@@seq [body] Programming Period=792  Per_scale=3
UVM_INFO ./../seq/per_seq.sv(36) @ 15828681000: uvm_test_top.env.agt.seqr@@seq [body] Programming addr: 00000013 
UVM_INFO ./../seq/per_seq.sv(39) @ 15828741000: uvm_test_top.env.agt.seqr@@seq [body] Programming Align=1  Addr=00000022 DutyCycle=1531  Channel=          0
UVM_INFO ./../seq/per_seq.sv(36) @ 15828801000: uvm_test_top.env.agt.seqr@@seq [body] Programming addr: 00000012 
UVM_INFO ./../seq/per_seq.sv(39) @ 15828861000: uvm_test_top.env.agt.seqr@@seq [body] Programming Align=0  Addr=00000020 DutyCycle=1877  Channel=          1
UVM_INFO ./../seq/per_seq.sv(36) @ 15828921000: uvm_test_top.env.agt.seqr@@seq [body] Programming addr: 00000011 
UVM_INFO ./../seq/per_seq.sv(39) @ 15828981000: uvm_test_top.env.agt.seqr@@seq [body] Programming Align=1  Addr=00000026 DutyCycle= 656  Channel=          2
UVM_INFO ./../seq/per_seq.sv(36) @ 15829041000: uvm_test_top.env.agt.seqr@@seq [body] Programming addr: 00000010 
UVM_INFO ./../seq/per_seq.sv(39) @ 15829101000: uvm_test_top.env.agt.seqr@@seq [body] Programming Align=3  Addr=00000024 DutyCycle= 621  Channel=          3
UVM_INFO ./../seq/per_seq.sv(36) @ 15829161000: uvm_test_top.env.agt.seqr@@seq [body] Programming addr: 00000017 
UVM_INFO ./../seq/per_seq.sv(39) @ 15829221000: uvm_test_top.env.agt.seqr@@seq [body] Programming Align=1  Addr=0000002a DutyCycle= 523  Channel=          4
UVM_INFO ./../seq/per_seq.sv(36) @ 15829281000: uvm_test_top.env.agt.seqr@@seq [body] Programming addr: 00000016 
UVM_INFO ./../seq/per_seq.sv(39) @ 15829341000: uvm_test_top.env.agt.seqr@@seq [body] Programming Align=3  Addr=00000028 DutyCycle=1790  Channel=          5
UVM_INFO ./../seq/per_seq.sv(36) @ 15829401000: uvm_test_top.env.agt.seqr@@seq [body] Programming addr: 00000015 
UVM_INFO ./../seq/per_seq.sv(39) @ 15829461000: uvm_test_top.env.agt.seqr@@seq [body] Programming Align=1  Addr=0000002e DutyCycle= 912  Channel=          6
UVM_INFO ./../seq/per_seq.sv(36) @ 15829521000: uvm_test_top.env.agt.seqr@@seq [body] Programming addr: 00000014 
UVM_INFO ./../seq/per_seq.sv(39) @ 15829581000: uvm_test_top.env.agt.seqr@@seq [body] Programming Align=3  Addr=0000002c DutyCycle=1446  Channel=          7
UVM_INFO ./../seq/per_seq.sv(36) @ 15829641000: uvm_test_top.env.agt.seqr@@seq [body] Programming addr: 0000001b 
UVM_INFO ./../seq/per_seq.sv(39) @ 15829701000: uvm_test_top.env.agt.seqr@@seq [body] Programming Align=2  Addr=00000032 DutyCycle=1519  Channel=          8
UVM_INFO ./../seq/per_seq.sv(36) @ 15829761000: uvm_test_top.env.agt.seqr@@seq [body] Programming addr: 0000001a 
UVM_INFO ./../seq/per_seq.sv(39) @ 15829821000: uvm_test_top.env.agt.seqr@@seq [body] Programming Align=0  Addr=00000030 DutyCycle= 290  Channel=          9
UVM_INFO ./../seq/per_seq.sv(36) @ 15829881000: uvm_test_top.env.agt.seqr@@seq [body] Programming addr: 00000019 
UVM_INFO ./../seq/per_seq.sv(39) @ 15829941000: uvm_test_top.env.agt.seqr@@seq [body] Programming Align=0  Addr=00000036 DutyCycle= 853  Channel=         10
UVM_INFO ./../seq/per_seq.sv(36) @ 15830001000: uvm_test_top.env.agt.seqr@@seq [body] Programming addr: 00000018 
UVM_INFO ./../seq/per_seq.sv(39) @ 15830061000: uvm_test_top.env.agt.seqr@@seq [body] Programming Align=3  Addr=00000034 DutyCycle=1589  Channel=         11
UVM_INFO ./../seq/per_seq.sv(107) @ 17768061000: uvm_test_top.env.agt.seqr@@seq [body] Done period sequence
UVM_INFO /apps/synopsys/VCSMX_NEW/etc/uvm-1.1/base/uvm_objection.svh(1268) @ 17768061000: reporter [TEST_DONE] 'run' phase is ready to proceed to the 'extract' phase

--- UVM Report Summary ---

** Report counts by severity
UVM_INFO :  282
UVM_WARNING :    0
UVM_ERROR :    0
UVM_FATAL :    0
** Report counts by id
[EDGE_MON]     3
[PER_SB]     3
[REG_SB]     3
[REG_TEST]     3
[REQ_MON]     3
[RESP_MON]     3
[RNTST]     1
[SMC_AGENT]     3
[SMC_DRIVER]     3
[SMC_ENV]     3
[TEST_DONE]     1
[body]   252
[do_init]     1
$finish called from file "/apps/synopsys/VCSMX_NEW/etc/uvm-1.1/base/uvm_root.svh", line 438.
$finish at simulation time          17768061000
           V C S   S i m u l a t i o n   R e p o r t 
Time: 17768061000 ps
CPU Time:      1.610 seconds;       Data structure size:   0.2Mb
Mon May 11 21:42:11 2020
